20240723	12:12:35	da8f2be8-7088-422c-95e6-2db738e74144	POST	/users	undefined
20240723	12:48:45	a643eac0-fac6-40c3-9b88-76d34677f31e	POST	/users	undefined
20240723	12:58:57	691f2b00-27f7-4cae-850a-3d76044bcab2	POST	/users	undefined
20240723	12:59:33	65e8ba15-4502-4454-bb64-89ab34b93b93	POST	/users	undefined
20240723	13:44:28	1c661032-1d69-401b-8448-197211047390	POST	/users	undefined
20240723	13:51:38	0626516f-3506-409c-b435-b4dbfd8fa35d	POST	/users	undefined
20240723	13:56:56	4e7a570e-5750-42b7-938e-2a59d392a114	POST	/users	undefined
20240723	13:57:05	8ed4e1ac-89fd-4406-88a4-87e296dae882	POST	/users	undefined
20240723	13:57:16	5e56af7a-6a6a-4481-87b8-7b67655234fa	POST	/users	undefined
20240723	13:57:21	ee12db17-5a1d-4978-91ed-1b5563976000	GET	/users	undefined
20240723	13:57:27	488f5b5d-b304-4aef-95a2-a65f7d43083f	POST	/users	undefined
20240723	14:42:27	3118d572-357c-4a53-b872-cabbfc806fe6	POST	/signin/users	undefined
20240723	14:42:47	65cfec50-95e3-4fdd-9747-13bc52e70d65	POST	/signin/users	undefined
20240723	14:44:52	107a2b2d-a871-4cb3-b635-92c0b816bbf6	POST	/signin/users	undefined
20240723	14:50:06	30aee22d-4dd2-4067-9f3d-03ba53565ab2	POST	/signin	undefined
20240723	14:50:14	716712c7-008d-4a7f-ada4-a663425f4b93	POST	/signin/users	undefined
20240723	14:50:17	71bccb2f-2a1e-4125-aee6-7a02723522ff	POST	/signin/user	undefined
20240723	14:50:22	aff2406b-1794-44a0-832f-788c307cabbe	POST	/signin/users	undefined
20240723	14:50:29	9f035698-9891-4a67-8ffe-eb7c627467c4	POST	/signin/users	undefined
20240723	14:50:49	37236333-aa56-459c-805f-ea8600628eaf	POST	/users/signin	undefined
20240723	14:51:34	9114e4cc-80cd-49fc-a1b8-1643e74ed142	POST	/users/signin	undefined
20240723	14:51:57	3f812174-c040-4563-a76e-f36f4794ba17	POST	/users/signin	undefined
20240723	15:02:33	25760b18-4f66-47c5-a157-e8996ee22782	POST	/users/signin	undefined
20240723	15:02:35	bbf63bf5-8cba-48fb-9038-bb7ed0e255ab	POST	/users/signin	undefined
20240723	15:17:36	a8595bf2-2235-4416-8ec3-eb6730b5fc7b	GET	/api/seed	undefined
20240723	15:22:47	9ad0bf24-877e-4861-bc07-cf5b0cfea0f8	GET	/api/seed	undefined
20240723	15:26:09	38670f51-88e8-4687-8404-04267a25fdc3	GET	/api/seed	undefined
20240723	15:26:56	a178d4ef-ebf7-4e58-a21b-33e910520b58	GET	/api/seed	undefined
20240723	15:29:06	219b730c-abab-4403-a11e-a5506fb82078	GET	/api/seed	undefined
